[2018-08-07 22:31:37] site_generator.INFO: Need to pass 2 parameters! Exit! [] []
[2018-08-07 22:31:58] site_generator.INFO: Static generator job start! [] []
[2018-08-07 22:31:58] site_generator.INFO: Temporary json file saved [] []
[2018-08-07 22:31:58] site_generator.INFO: Saving HTML files... [] []
[2018-08-07 22:31:58] site_generator.INFO: Index HTML files saved [] []
[2018-08-07 22:31:58] site_generator.INFO: Tags HTML files saved [] []
[2018-08-07 22:31:58] site_generator.INFO: Posts HTML files saved [] []
[2018-08-07 22:31:58] site_generator.INFO: Posts HTML files saved [] []
[2018-08-07 22:31:58] site_generator.INFO: Static generator job stop [] []
[2018-08-07 22:35:11] site_generator.INFO: Static generator job start! [] []
[2018-08-07 22:35:11] site_generator.INFO: Temporary json file saved [] []
[2018-08-07 22:35:11] site_generator.INFO: Saving HTML files... [] []
[2018-08-07 22:35:11] site_generator.INFO: Index HTML files saved [] []
[2018-08-07 22:35:11] site_generator.INFO: Tags HTML files saved [] []
[2018-08-07 22:35:11] site_generator.INFO: Posts HTML files saved [] []
[2018-08-07 22:35:11] site_generator.INFO: Posts HTML files saved [] []
[2018-08-07 22:35:40] site_generator.INFO: Static generator job start! [] []
[2018-08-07 22:35:40] site_generator.INFO: Temporary json file saved [] []
[2018-08-07 22:35:40] site_generator.INFO: Saving HTML files... [] []
[2018-08-07 22:35:40] site_generator.INFO: Index HTML files saved [] []
[2018-08-07 22:35:40] site_generator.INFO: Tags HTML files saved [] []
[2018-08-07 22:35:40] site_generator.INFO: Posts HTML files saved [] []
[2018-08-07 22:35:40] site_generator.INFO: Posts HTML files saved [] []
[2018-08-07 22:35:41] site_generator.INFO: Assets files saved [] []
[2018-08-07 22:35:41] site_generator.INFO: Static generator job stop [] []
