[2018-07-23 00:06:42] site_generator.INFO: Static generator job start! [] []
[2018-07-23 00:06:42] site_generator.INFO: Temporary json file saved [] []
[2018-07-23 00:06:42] site_generator.INFO: Saving HTML files... [] []
[2018-07-23 00:06:42] site_generator.INFO: Index HTML files saved [] []
[2018-07-23 00:06:42] site_generator.INFO: Tags HTML files saved [] []
[2018-07-23 00:06:43] site_generator.INFO: Posts HTML files saved [] []
[2018-07-23 00:06:43] site_generator.INFO: Assets files saved [] []
[2018-07-23 00:06:43] site_generator.INFO: Static generator job stop [] []
[2018-07-23 00:08:44] site_generator.INFO: Static generator job start! [] []
[2018-07-23 00:08:44] site_generator.INFO: Temporary json file saved [] []
[2018-07-23 00:08:44] site_generator.INFO: Saving HTML files... [] []
[2018-07-23 00:08:44] site_generator.INFO: Index HTML files saved [] []
[2018-07-23 00:08:44] site_generator.INFO: Tags HTML files saved [] []
[2018-07-23 00:08:44] site_generator.INFO: Posts HTML files saved [] []
[2018-07-23 00:08:44] site_generator.INFO: Assets files saved [] []
[2018-07-23 00:08:44] site_generator.INFO: Static generator job stop [] []
[2018-07-23 00:10:25] site_generator.INFO: Static generator job start! [] []
[2018-07-23 00:10:25] site_generator.INFO: Temporary json file saved [] []
[2018-07-23 00:10:25] site_generator.INFO: Saving HTML files... [] []
[2018-07-23 00:12:07] site_generator.INFO: Static generator job start! [] []
[2018-07-23 00:12:07] site_generator.INFO: Temporary json file saved [] []
[2018-07-23 00:12:07] site_generator.INFO: Saving HTML files... [] []
[2018-07-23 00:13:45] site_generator.INFO: Static generator job start! [] []
[2018-07-23 00:13:45] site_generator.INFO: Temporary json file saved [] []
[2018-07-23 00:13:45] site_generator.INFO: Saving HTML files... [] []
[2018-07-23 00:17:04] site_generator.INFO: Static generator job start! [] []
[2018-07-23 00:17:04] site_generator.INFO: Temporary json file saved [] []
[2018-07-23 00:17:04] site_generator.INFO: Saving HTML files... [] []
[2018-07-23 00:18:04] site_generator.INFO: Static generator job start! [] []
[2018-07-23 00:18:04] site_generator.INFO: Temporary json file saved [] []
[2018-07-23 00:18:04] site_generator.INFO: Saving HTML files... [] []
[2018-07-23 00:18:04] site_generator.INFO: Index HTML files saved [] []
[2018-07-23 00:18:04] site_generator.INFO: Tags HTML files saved [] []
[2018-07-23 00:18:04] site_generator.INFO: Posts HTML files saved [] []
[2018-07-23 00:18:04] site_generator.INFO: Assets files saved [] []
[2018-07-23 00:18:04] site_generator.INFO: Static generator job stop [] []
[2018-07-23 00:20:52] site_generator.INFO: Static generator job start! [] []
[2018-07-23 00:20:52] site_generator.INFO: Temporary json file saved [] []
[2018-07-23 00:20:52] site_generator.INFO: Saving HTML files... [] []
[2018-07-23 00:20:52] site_generator.INFO: Index HTML files saved [] []
[2018-07-23 00:20:52] site_generator.INFO: Tags HTML files saved [] []
[2018-07-23 00:20:52] site_generator.INFO: Posts HTML files saved [] []
[2018-07-23 00:20:53] site_generator.INFO: Assets files saved [] []
[2018-07-23 00:20:53] site_generator.INFO: Static generator job stop [] []
[2018-07-23 00:23:10] site_generator.INFO: Static generator job start! [] []
[2018-07-23 00:23:10] site_generator.INFO: Temporary json file saved [] []
[2018-07-23 00:23:10] site_generator.INFO: Saving HTML files... [] []
[2018-07-23 00:25:11] site_generator.INFO: Static generator job start! [] []
[2018-07-23 00:25:11] site_generator.INFO: Temporary json file saved [] []
[2018-07-23 00:25:11] site_generator.INFO: Saving HTML files... [] []
[2018-07-23 00:25:53] site_generator.INFO: Static generator job start! [] []
[2018-07-23 00:25:53] site_generator.INFO: Temporary json file saved [] []
[2018-07-23 00:25:53] site_generator.INFO: Saving HTML files... [] []
[2018-07-23 00:25:53] site_generator.INFO: Index HTML files saved [] []
[2018-07-23 00:25:53] site_generator.INFO: Tags HTML files saved [] []
[2018-07-23 00:25:53] site_generator.INFO: Posts HTML files saved [] []
[2018-07-23 00:25:53] site_generator.INFO: Assets files saved [] []
[2018-07-23 00:25:53] site_generator.INFO: Static generator job stop [] []
[2018-07-23 00:27:52] site_generator.INFO: Static generator job start! [] []
[2018-07-23 00:27:52] site_generator.INFO: Temporary json file saved [] []
[2018-07-23 00:27:52] site_generator.INFO: Saving HTML files... [] []
[2018-07-23 00:27:52] site_generator.INFO: Index HTML files saved [] []
[2018-07-23 00:27:52] site_generator.INFO: Tags HTML files saved [] []
[2018-07-23 00:27:52] site_generator.INFO: Posts HTML files saved [] []
[2018-07-23 00:27:52] site_generator.INFO: Assets files saved [] []
[2018-07-23 00:27:52] site_generator.INFO: Static generator job stop [] []
[2018-07-23 00:31:02] site_generator.INFO: Static generator job start! [] []
[2018-07-23 00:31:02] site_generator.INFO: Temporary json file saved [] []
[2018-07-23 00:31:02] site_generator.INFO: Saving HTML files... [] []
[2018-07-23 00:31:02] site_generator.INFO: Index HTML files saved [] []
[2018-07-23 00:31:02] site_generator.INFO: Tags HTML files saved [] []
[2018-07-23 00:31:02] site_generator.INFO: Posts HTML files saved [] []
[2018-07-23 00:31:02] site_generator.INFO: Assets files saved [] []
[2018-07-23 00:31:02] site_generator.INFO: Static generator job stop [] []
[2018-07-23 00:38:29] site_generator.INFO: Static generator job start! [] []
[2018-07-23 00:38:29] site_generator.INFO: Temporary json file saved [] []
[2018-07-23 00:38:29] site_generator.INFO: Saving HTML files... [] []
[2018-07-23 00:38:29] site_generator.INFO: Index HTML files saved [] []
[2018-07-23 00:38:29] site_generator.INFO: Tags HTML files saved [] []
[2018-07-23 00:38:29] site_generator.INFO: Posts HTML files saved [] []
[2018-07-23 00:38:29] site_generator.INFO: Assets files saved [] []
[2018-07-23 00:38:29] site_generator.INFO: Static generator job stop [] []
[2018-07-23 00:41:08] site_generator.INFO: Static generator job start! [] []
[2018-07-23 00:41:08] site_generator.INFO: Temporary json file saved [] []
[2018-07-23 00:41:08] site_generator.INFO: Saving HTML files... [] []
[2018-07-23 00:41:08] site_generator.INFO: Index HTML files saved [] []
[2018-07-23 00:41:08] site_generator.INFO: Tags HTML files saved [] []
[2018-07-23 00:41:09] site_generator.INFO: Posts HTML files saved [] []
[2018-07-23 00:41:09] site_generator.INFO: Assets files saved [] []
[2018-07-23 00:41:09] site_generator.INFO: Static generator job stop [] []
[2018-07-23 00:42:04] site_generator.INFO: Static generator job start! [] []
[2018-07-23 00:42:04] site_generator.INFO: Temporary json file saved [] []
[2018-07-23 00:42:04] site_generator.INFO: Saving HTML files... [] []
[2018-07-23 00:42:04] site_generator.INFO: Index HTML files saved [] []
[2018-07-23 00:42:04] site_generator.INFO: Tags HTML files saved [] []
[2018-07-23 00:42:04] site_generator.INFO: Posts HTML files saved [] []
[2018-07-23 00:42:05] site_generator.INFO: Assets files saved [] []
[2018-07-23 00:42:05] site_generator.INFO: Static generator job stop [] []
[2018-07-23 00:44:15] site_generator.INFO: Static generator job start! [] []
[2018-07-23 00:44:15] site_generator.INFO: Temporary json file saved [] []
[2018-07-23 00:44:15] site_generator.INFO: Saving HTML files... [] []
[2018-07-23 00:44:15] site_generator.INFO: Index HTML files saved [] []
[2018-07-23 00:44:15] site_generator.INFO: Tags HTML files saved [] []
[2018-07-23 00:44:15] site_generator.INFO: Posts HTML files saved [] []
[2018-07-23 00:44:15] site_generator.INFO: Assets files saved [] []
[2018-07-23 00:44:15] site_generator.INFO: Static generator job stop [] []
[2018-07-23 00:46:08] site_generator.INFO: Static generator job start! [] []
[2018-07-23 00:46:08] site_generator.INFO: Temporary json file saved [] []
[2018-07-23 00:46:08] site_generator.INFO: Saving HTML files... [] []
[2018-07-23 00:46:08] site_generator.INFO: Index HTML files saved [] []
[2018-07-23 00:46:08] site_generator.INFO: Tags HTML files saved [] []
[2018-07-23 00:46:08] site_generator.INFO: Posts HTML files saved [] []
[2018-07-23 00:46:08] site_generator.INFO: Assets files saved [] []
[2018-07-23 00:46:08] site_generator.INFO: Static generator job stop [] []
[2018-07-23 21:30:09] site_generator.INFO: Static generator job start! [] []
[2018-07-23 21:30:09] site_generator.INFO: Temporary json file saved [] []
[2018-07-23 21:30:09] site_generator.INFO: Saving HTML files... [] []
[2018-07-23 21:30:09] site_generator.INFO: Index HTML files saved [] []
[2018-07-23 21:30:09] site_generator.INFO: Tags HTML files saved [] []
[2018-07-23 21:30:09] site_generator.INFO: Posts HTML files saved [] []
[2018-07-23 21:30:10] site_generator.INFO: Assets files saved [] []
[2018-07-23 21:30:10] site_generator.INFO: Static generator job stop [] []
[2018-07-23 21:31:43] site_generator.INFO: Static generator job start! [] []
[2018-07-23 21:31:43] site_generator.INFO: Temporary json file saved [] []
[2018-07-23 21:31:43] site_generator.INFO: Saving HTML files... [] []
[2018-07-23 21:31:43] site_generator.INFO: Index HTML files saved [] []
[2018-07-23 21:31:43] site_generator.INFO: Tags HTML files saved [] []
[2018-07-23 21:31:44] site_generator.INFO: Posts HTML files saved [] []
[2018-07-23 21:31:44] site_generator.INFO: Assets files saved [] []
[2018-07-23 21:31:44] site_generator.INFO: Static generator job stop [] []
[2018-07-23 21:38:44] site_generator.INFO: Static generator job start! [] []
[2018-07-23 21:38:44] site_generator.INFO: Temporary json file saved [] []
[2018-07-23 21:38:44] site_generator.INFO: Saving HTML files... [] []
[2018-07-23 21:38:45] site_generator.INFO: Index HTML files saved [] []
[2018-07-23 21:38:45] site_generator.INFO: Tags HTML files saved [] []
[2018-07-23 21:38:45] site_generator.INFO: Posts HTML files saved [] []
[2018-07-23 21:38:45] site_generator.INFO: Assets files saved [] []
[2018-07-23 21:38:45] site_generator.INFO: Static generator job stop [] []
[2018-07-23 21:39:52] site_generator.INFO: Static generator job start! [] []
[2018-07-23 21:39:52] site_generator.INFO: Temporary json file saved [] []
[2018-07-23 21:39:52] site_generator.INFO: Saving HTML files... [] []
[2018-07-23 21:39:52] site_generator.INFO: Index HTML files saved [] []
[2018-07-23 21:39:52] site_generator.INFO: Tags HTML files saved [] []
[2018-07-23 21:39:52] site_generator.INFO: Posts HTML files saved [] []
[2018-07-23 21:39:52] site_generator.INFO: Assets files saved [] []
[2018-07-23 21:39:52] site_generator.INFO: Static generator job stop [] []
[2018-07-23 21:55:41] site_generator.INFO: Static generator job start! [] []
[2018-07-23 21:55:41] site_generator.INFO: Temporary json file saved [] []
[2018-07-23 21:55:41] site_generator.INFO: Saving HTML files... [] []
[2018-07-23 21:55:41] site_generator.INFO: Index HTML files saved [] []
[2018-07-23 21:55:41] site_generator.INFO: Tags HTML files saved [] []
[2018-07-23 21:55:41] site_generator.INFO: Posts HTML files saved [] []
[2018-07-23 21:55:41] site_generator.INFO: Assets files saved [] []
[2018-07-23 21:55:41] site_generator.INFO: Static generator job stop [] []
[2018-07-23 21:56:14] site_generator.INFO: Static generator job start! [] []
[2018-07-23 21:56:14] site_generator.INFO: Temporary json file saved [] []
[2018-07-23 21:56:14] site_generator.INFO: Saving HTML files... [] []
[2018-07-23 21:56:14] site_generator.INFO: Index HTML files saved [] []
[2018-07-23 21:56:14] site_generator.INFO: Tags HTML files saved [] []
[2018-07-23 21:56:14] site_generator.INFO: Posts HTML files saved [] []
[2018-07-23 21:56:15] site_generator.INFO: Assets files saved [] []
[2018-07-23 21:56:15] site_generator.INFO: Static generator job stop [] []
[2018-07-23 21:58:00] site_generator.INFO: Static generator job start! [] []
[2018-07-23 21:58:00] site_generator.INFO: Temporary json file saved [] []
[2018-07-23 21:58:00] site_generator.INFO: Saving HTML files... [] []
[2018-07-23 21:58:00] site_generator.INFO: Index HTML files saved [] []
[2018-07-23 21:58:00] site_generator.INFO: Tags HTML files saved [] []
[2018-07-23 21:58:00] site_generator.INFO: Posts HTML files saved [] []
[2018-07-23 21:58:00] site_generator.INFO: Assets files saved [] []
[2018-07-23 21:58:00] site_generator.INFO: Static generator job stop [] []
[2018-07-23 21:59:26] site_generator.INFO: Static generator job start! [] []
[2018-07-23 21:59:26] site_generator.INFO: Temporary json file saved [] []
[2018-07-23 21:59:26] site_generator.INFO: Saving HTML files... [] []
[2018-07-23 21:59:26] site_generator.INFO: Index HTML files saved [] []
[2018-07-23 21:59:26] site_generator.INFO: Tags HTML files saved [] []
[2018-07-23 21:59:26] site_generator.INFO: Posts HTML files saved [] []
[2018-07-23 21:59:26] site_generator.INFO: Assets files saved [] []
[2018-07-23 21:59:26] site_generator.INFO: Static generator job stop [] []
[2018-07-23 22:01:11] site_generator.INFO: Static generator job start! [] []
[2018-07-23 22:01:11] site_generator.INFO: Temporary json file saved [] []
[2018-07-23 22:01:11] site_generator.INFO: Saving HTML files... [] []
[2018-07-23 22:01:11] site_generator.INFO: Index HTML files saved [] []
[2018-07-23 22:01:11] site_generator.INFO: Tags HTML files saved [] []
[2018-07-23 22:01:11] site_generator.INFO: Posts HTML files saved [] []
[2018-07-23 22:01:11] site_generator.INFO: Assets files saved [] []
[2018-07-23 22:01:11] site_generator.INFO: Static generator job stop [] []
[2018-07-23 22:03:21] site_generator.INFO: Static generator job start! [] []
[2018-07-23 22:03:21] site_generator.INFO: Temporary json file saved [] []
[2018-07-23 22:03:21] site_generator.INFO: Saving HTML files... [] []
[2018-07-23 22:03:21] site_generator.INFO: Index HTML files saved [] []
[2018-07-23 22:03:21] site_generator.INFO: Tags HTML files saved [] []
[2018-07-23 22:03:21] site_generator.INFO: Posts HTML files saved [] []
[2018-07-23 22:03:21] site_generator.INFO: Assets files saved [] []
[2018-07-23 22:03:21] site_generator.INFO: Static generator job stop [] []
[2018-07-23 22:04:32] site_generator.INFO: Static generator job start! [] []
[2018-07-23 22:04:32] site_generator.INFO: Temporary json file saved [] []
[2018-07-23 22:04:32] site_generator.INFO: Saving HTML files... [] []
[2018-07-23 22:04:32] site_generator.INFO: Index HTML files saved [] []
[2018-07-23 22:04:32] site_generator.INFO: Tags HTML files saved [] []
[2018-07-23 22:04:32] site_generator.INFO: Posts HTML files saved [] []
[2018-07-23 22:04:32] site_generator.INFO: Assets files saved [] []
[2018-07-23 22:04:32] site_generator.INFO: Static generator job stop [] []
[2018-07-23 22:10:26] site_generator.INFO: Static generator job start! [] []
[2018-07-23 22:10:26] site_generator.INFO: Temporary json file saved [] []
[2018-07-23 22:10:26] site_generator.INFO: Saving HTML files... [] []
[2018-07-23 22:10:26] site_generator.INFO: Index HTML files saved [] []
[2018-07-23 22:10:26] site_generator.INFO: Tags HTML files saved [] []
[2018-07-23 22:10:26] site_generator.INFO: Posts HTML files saved [] []
[2018-07-23 22:10:27] site_generator.INFO: Assets files saved [] []
[2018-07-23 22:10:27] site_generator.INFO: Static generator job stop [] []
[2018-07-23 22:11:01] site_generator.INFO: Static generator job start! [] []
[2018-07-23 22:11:01] site_generator.INFO: Temporary json file saved [] []
[2018-07-23 22:11:01] site_generator.INFO: Saving HTML files... [] []
[2018-07-23 22:11:01] site_generator.INFO: Index HTML files saved [] []
[2018-07-23 22:11:01] site_generator.INFO: Tags HTML files saved [] []
[2018-07-23 22:11:01] site_generator.INFO: Posts HTML files saved [] []
[2018-07-23 22:11:01] site_generator.INFO: Assets files saved [] []
[2018-07-23 22:11:01] site_generator.INFO: Static generator job stop [] []
[2018-07-23 22:14:57] site_generator.INFO: Static generator job start! [] []
[2018-07-23 22:14:58] site_generator.INFO: Temporary json file saved [] []
[2018-07-23 22:14:58] site_generator.INFO: Saving HTML files... [] []
[2018-07-23 22:14:58] site_generator.INFO: Index HTML files saved [] []
[2018-07-23 22:14:58] site_generator.INFO: Tags HTML files saved [] []
[2018-07-23 22:14:58] site_generator.INFO: Posts HTML files saved [] []
[2018-07-23 22:14:58] site_generator.INFO: Assets files saved [] []
[2018-07-23 22:14:58] site_generator.INFO: Static generator job stop [] []
