[2018-07-22 16:20:44] site_generator.INFO: Static generator job start! [] []
[2018-07-22 16:20:44] site_generator.INFO: Temporary json file saved [] []
[2018-07-22 16:20:44] site_generator.INFO: Saving HTML files... [] []
[2018-07-22 16:20:44] site_generator.INFO: Index HTML files saved [] []
[2018-07-22 16:20:44] site_generator.INFO: Tags HTML files saved [] []
[2018-07-22 16:20:44] site_generator.INFO: Posts HTML files saved [] []
[2018-07-22 16:20:44] site_generator.INFO: Assets files saved [] []
[2018-07-22 16:20:44] site_generator.INFO: Static generator job stop [] []
[2018-07-22 16:25:00] site_generator.INFO: Static generator job start! [] []
[2018-07-22 16:25:00] site_generator.INFO: Temporary json file saved [] []
[2018-07-22 16:25:00] site_generator.INFO: Saving HTML files... [] []
[2018-07-22 16:26:32] site_generator.INFO: Static generator job start! [] []
[2018-07-22 16:26:32] site_generator.INFO: Temporary json file saved [] []
[2018-07-22 16:26:32] site_generator.INFO: Saving HTML files... [] []
[2018-07-22 16:26:32] site_generator.INFO: Index HTML files saved [] []
[2018-07-22 16:26:32] site_generator.INFO: Tags HTML files saved [] []
[2018-07-22 16:26:32] site_generator.INFO: Posts HTML files saved [] []
[2018-07-22 16:26:32] site_generator.INFO: Assets files saved [] []
[2018-07-22 16:26:32] site_generator.INFO: Static generator job stop [] []
[2018-07-22 16:28:11] site_generator.INFO: Static generator job start! [] []
[2018-07-22 16:28:11] site_generator.INFO: Temporary json file saved [] []
[2018-07-22 16:28:11] site_generator.INFO: Saving HTML files... [] []
[2018-07-22 16:28:11] site_generator.INFO: Index HTML files saved [] []
[2018-07-22 16:28:11] site_generator.INFO: Tags HTML files saved [] []
[2018-07-22 16:28:12] site_generator.INFO: Posts HTML files saved [] []
[2018-07-22 16:28:12] site_generator.INFO: Assets files saved [] []
[2018-07-22 16:28:12] site_generator.INFO: Static generator job stop [] []
[2018-07-22 16:29:19] site_generator.INFO: Static generator job start! [] []
[2018-07-22 16:29:19] site_generator.INFO: Temporary json file saved [] []
[2018-07-22 16:29:19] site_generator.INFO: Saving HTML files... [] []
[2018-07-22 16:29:19] site_generator.INFO: Index HTML files saved [] []
[2018-07-22 16:29:19] site_generator.INFO: Tags HTML files saved [] []
[2018-07-22 16:29:19] site_generator.INFO: Posts HTML files saved [] []
[2018-07-22 16:29:19] site_generator.INFO: Assets files saved [] []
[2018-07-22 16:29:19] site_generator.INFO: Static generator job stop [] []
[2018-07-22 16:29:52] site_generator.INFO: Static generator job start! [] []
[2018-07-22 16:29:52] site_generator.INFO: Temporary json file saved [] []
[2018-07-22 16:29:52] site_generator.INFO: Saving HTML files... [] []
[2018-07-22 16:29:52] site_generator.INFO: Index HTML files saved [] []
[2018-07-22 16:29:52] site_generator.INFO: Tags HTML files saved [] []
[2018-07-22 16:29:52] site_generator.INFO: Posts HTML files saved [] []
[2018-07-22 16:29:52] site_generator.INFO: Assets files saved [] []
[2018-07-22 16:29:52] site_generator.INFO: Static generator job stop [] []
[2018-07-22 16:30:23] site_generator.INFO: Static generator job start! [] []
[2018-07-22 16:30:23] site_generator.INFO: Temporary json file saved [] []
[2018-07-22 16:30:23] site_generator.INFO: Saving HTML files... [] []
[2018-07-22 16:30:23] site_generator.INFO: Index HTML files saved [] []
[2018-07-22 16:30:23] site_generator.INFO: Tags HTML files saved [] []
[2018-07-22 16:30:23] site_generator.INFO: Posts HTML files saved [] []
[2018-07-22 16:30:23] site_generator.INFO: Assets files saved [] []
[2018-07-22 16:30:23] site_generator.INFO: Static generator job stop [] []
[2018-07-22 16:32:47] site_generator.INFO: Static generator job start! [] []
[2018-07-22 16:32:47] site_generator.INFO: Temporary json file saved [] []
[2018-07-22 16:32:47] site_generator.INFO: Saving HTML files... [] []
[2018-07-22 16:32:47] site_generator.INFO: Index HTML files saved [] []
[2018-07-22 16:32:47] site_generator.INFO: Tags HTML files saved [] []
[2018-07-22 16:32:47] site_generator.INFO: Posts HTML files saved [] []
[2018-07-22 16:32:47] site_generator.INFO: Assets files saved [] []
[2018-07-22 16:32:47] site_generator.INFO: Static generator job stop [] []
[2018-07-22 16:34:47] site_generator.INFO: Static generator job start! [] []
[2018-07-22 16:34:47] site_generator.INFO: Temporary json file saved [] []
[2018-07-22 16:34:47] site_generator.INFO: Saving HTML files... [] []
[2018-07-22 16:34:47] site_generator.INFO: Index HTML files saved [] []
[2018-07-22 16:34:47] site_generator.INFO: Tags HTML files saved [] []
[2018-07-22 16:34:47] site_generator.INFO: Posts HTML files saved [] []
[2018-07-22 16:34:47] site_generator.INFO: Assets files saved [] []
[2018-07-22 16:34:47] site_generator.INFO: Static generator job stop [] []
[2018-07-22 16:35:59] site_generator.INFO: Static generator job start! [] []
[2018-07-22 16:35:59] site_generator.INFO: Temporary json file saved [] []
[2018-07-22 16:35:59] site_generator.INFO: Saving HTML files... [] []
[2018-07-22 16:40:59] site_generator.INFO: Static generator job start! [] []
[2018-07-22 16:40:59] site_generator.INFO: Temporary json file saved [] []
[2018-07-22 16:40:59] site_generator.INFO: Saving HTML files... [] []
[2018-07-22 16:40:59] site_generator.INFO: Index HTML files saved [] []
[2018-07-22 16:40:59] site_generator.INFO: Tags HTML files saved [] []
[2018-07-22 16:40:59] site_generator.INFO: Posts HTML files saved [] []
[2018-07-22 16:40:59] site_generator.INFO: Assets files saved [] []
[2018-07-22 16:40:59] site_generator.INFO: Static generator job stop [] []
[2018-07-22 16:44:34] site_generator.INFO: Static generator job start! [] []
[2018-07-22 16:44:34] site_generator.INFO: Temporary json file saved [] []
[2018-07-22 16:44:34] site_generator.INFO: Saving HTML files... [] []
[2018-07-22 16:44:34] site_generator.INFO: Index HTML files saved [] []
[2018-07-22 16:44:34] site_generator.INFO: Tags HTML files saved [] []
[2018-07-22 16:44:34] site_generator.INFO: Posts HTML files saved [] []
[2018-07-22 16:44:34] site_generator.INFO: Assets files saved [] []
[2018-07-22 16:44:34] site_generator.INFO: Static generator job stop [] []
[2018-07-22 16:45:28] site_generator.INFO: Static generator job start! [] []
[2018-07-22 16:45:28] site_generator.INFO: Temporary json file saved [] []
[2018-07-22 16:45:28] site_generator.INFO: Saving HTML files... [] []
[2018-07-22 16:45:28] site_generator.INFO: Index HTML files saved [] []
[2018-07-22 16:45:28] site_generator.INFO: Tags HTML files saved [] []
[2018-07-22 16:45:28] site_generator.INFO: Posts HTML files saved [] []
[2018-07-22 16:45:28] site_generator.INFO: Assets files saved [] []
[2018-07-22 16:45:28] site_generator.INFO: Static generator job stop [] []
[2018-07-22 16:45:59] site_generator.INFO: Static generator job start! [] []
[2018-07-22 16:45:59] site_generator.INFO: Temporary json file saved [] []
[2018-07-22 16:45:59] site_generator.INFO: Saving HTML files... [] []
[2018-07-22 16:45:59] site_generator.INFO: Index HTML files saved [] []
[2018-07-22 16:45:59] site_generator.INFO: Tags HTML files saved [] []
[2018-07-22 16:45:59] site_generator.INFO: Posts HTML files saved [] []
[2018-07-22 16:45:59] site_generator.INFO: Assets files saved [] []
[2018-07-22 16:45:59] site_generator.INFO: Static generator job stop [] []
[2018-07-22 16:48:05] site_generator.INFO: Static generator job start! [] []
[2018-07-22 16:48:05] site_generator.INFO: Temporary json file saved [] []
[2018-07-22 16:48:05] site_generator.INFO: Saving HTML files... [] []
[2018-07-22 16:48:05] site_generator.INFO: Index HTML files saved [] []
[2018-07-22 16:48:05] site_generator.INFO: Tags HTML files saved [] []
[2018-07-22 16:48:05] site_generator.INFO: Posts HTML files saved [] []
[2018-07-22 16:48:05] site_generator.INFO: Assets files saved [] []
[2018-07-22 16:48:05] site_generator.INFO: Static generator job stop [] []
[2018-07-22 16:49:14] site_generator.INFO: Static generator job start! [] []
[2018-07-22 16:49:14] site_generator.INFO: Temporary json file saved [] []
[2018-07-22 16:49:14] site_generator.INFO: Saving HTML files... [] []
[2018-07-22 16:49:14] site_generator.INFO: Index HTML files saved [] []
[2018-07-22 16:49:14] site_generator.INFO: Tags HTML files saved [] []
[2018-07-22 16:49:14] site_generator.INFO: Posts HTML files saved [] []
[2018-07-22 16:49:14] site_generator.INFO: Assets files saved [] []
[2018-07-22 16:49:14] site_generator.INFO: Static generator job stop [] []
[2018-07-22 16:50:17] site_generator.INFO: Static generator job start! [] []
[2018-07-22 16:50:17] site_generator.INFO: Temporary json file saved [] []
[2018-07-22 16:50:17] site_generator.INFO: Saving HTML files... [] []
[2018-07-22 16:50:17] site_generator.INFO: Index HTML files saved [] []
[2018-07-22 16:50:17] site_generator.INFO: Tags HTML files saved [] []
[2018-07-22 16:50:17] site_generator.INFO: Posts HTML files saved [] []
[2018-07-22 16:50:17] site_generator.INFO: Assets files saved [] []
[2018-07-22 16:50:17] site_generator.INFO: Static generator job stop [] []
[2018-07-22 22:17:46] site_generator.INFO: Static generator job start! [] []
[2018-07-22 22:17:46] site_generator.INFO: Temporary json file saved [] []
[2018-07-22 22:17:46] site_generator.INFO: Saving HTML files... [] []
[2018-07-22 22:17:46] site_generator.INFO: Index HTML files saved [] []
[2018-07-22 22:17:46] site_generator.INFO: Tags HTML files saved [] []
[2018-07-22 22:17:46] site_generator.INFO: Posts HTML files saved [] []
[2018-07-22 22:17:46] site_generator.INFO: Assets files saved [] []
[2018-07-22 22:17:46] site_generator.INFO: Static generator job stop [] []
[2018-07-22 22:21:50] site_generator.INFO: Static generator job start! [] []
[2018-07-22 22:21:50] site_generator.INFO: Temporary json file saved [] []
[2018-07-22 22:21:50] site_generator.INFO: Saving HTML files... [] []
[2018-07-22 22:21:50] site_generator.INFO: Mismatched tag delimiters: . on line 127 [] []
[2018-07-22 22:22:12] site_generator.INFO: Static generator job start! [] []
[2018-07-22 22:22:12] site_generator.INFO: Temporary json file saved [] []
[2018-07-22 22:22:13] site_generator.INFO: Saving HTML files... [] []
[2018-07-22 22:22:13] site_generator.INFO: Mismatched tag delimiters: . on line 127 [] []
[2018-07-22 22:25:38] site_generator.INFO: Static generator job start! [] []
[2018-07-22 22:25:38] site_generator.INFO: Temporary json file saved [] []
[2018-07-22 22:25:38] site_generator.INFO: Saving HTML files... [] []
[2018-07-22 22:25:38] site_generator.INFO: Mismatched tag delimiters: . on line 127 :: /Users/abezgliadnov/Desktop/static_generator/vendor/mustache/mustache/src/Mustache/Tokenizer.php :: 176 [] []
[2018-07-22 22:27:15] site_generator.INFO: Static generator job start! [] []
[2018-07-22 22:27:15] site_generator.INFO: Temporary json file saved [] []
[2018-07-22 22:27:15] site_generator.INFO: Saving HTML files... [] []
[2018-07-22 22:27:15] site_generator.INFO: Mismatched tag delimiters: . on line 127 :: /Users/abezgliadnov/Desktop/static_generator/vendor/mustache/mustache/src/Mustache/Tokenizer.php :: 176 [] []
[2018-07-22 22:28:20] site_generator.INFO: Static generator job start! [] []
[2018-07-22 22:28:20] site_generator.INFO: Temporary json file saved [] []
[2018-07-22 22:28:21] site_generator.INFO: Saving HTML files... [] []
[2018-07-22 22:28:21] site_generator.INFO: Index HTML files saved [] []
[2018-07-22 22:28:21] site_generator.INFO: Assets files saved [] []
[2018-07-22 22:28:21] site_generator.INFO: Static generator job stop [] []
[2018-07-22 22:32:25] site_generator.INFO: Static generator job start! [] []
[2018-07-22 22:32:25] site_generator.INFO: Temporary json file saved [] []
[2018-07-22 22:32:25] site_generator.INFO: Saving HTML files... [] []
[2018-07-22 22:32:25] site_generator.INFO: Index HTML files saved [] []
[2018-07-22 22:32:25] site_generator.INFO: Assets files saved [] []
[2018-07-22 22:32:25] site_generator.INFO: Static generator job stop [] []
[2018-07-22 22:36:36] site_generator.INFO: Static generator job start! [] []
[2018-07-22 22:36:36] site_generator.INFO: Temporary json file saved [] []
[2018-07-22 22:36:36] site_generator.INFO: Saving HTML files... [] []
[2018-07-22 22:36:36] site_generator.INFO: Index HTML files saved [] []
[2018-07-22 22:36:36] site_generator.INFO: Tags HTML files saved [] []
[2018-07-22 22:36:36] site_generator.INFO: Assets files saved [] []
[2018-07-22 22:36:36] site_generator.INFO: Static generator job stop [] []
[2018-07-22 22:45:18] site_generator.INFO: Static generator job start! [] []
[2018-07-22 22:45:18] site_generator.INFO: Temporary json file saved [] []
[2018-07-22 22:45:18] site_generator.INFO: Saving HTML files... [] []
[2018-07-22 22:45:18] site_generator.INFO: Index HTML files saved [] []
[2018-07-22 22:45:18] site_generator.INFO: Mismatched tag delimiters: . on line 124 :: /Users/abezgliadnov/Desktop/static_generator/vendor/mustache/mustache/src/Mustache/Tokenizer.php :: 176 [] []
[2018-07-22 22:46:12] site_generator.INFO: Static generator job start! [] []
[2018-07-22 22:46:12] site_generator.INFO: Temporary json file saved [] []
[2018-07-22 22:46:12] site_generator.INFO: Saving HTML files... [] []
[2018-07-22 22:46:12] site_generator.INFO: Index HTML files saved [] []
[2018-07-22 22:46:12] site_generator.INFO: Tags HTML files saved [] []
[2018-07-22 22:46:12] site_generator.INFO: Assets files saved [] []
[2018-07-22 22:46:12] site_generator.INFO: Static generator job stop [] []
[2018-07-22 22:49:33] site_generator.INFO: Static generator job start! [] []
[2018-07-22 22:49:33] site_generator.INFO: Temporary json file saved [] []
[2018-07-22 22:49:33] site_generator.INFO: Saving HTML files... [] []
[2018-07-22 22:49:33] site_generator.INFO: Index HTML files saved [] []
[2018-07-22 22:49:33] site_generator.INFO: Tags HTML files saved [] []
[2018-07-22 22:49:33] site_generator.INFO: Assets files saved [] []
[2018-07-22 22:49:33] site_generator.INFO: Static generator job stop [] []
[2018-07-22 22:52:00] site_generator.INFO: Static generator job start! [] []
[2018-07-22 22:52:00] site_generator.INFO: Temporary json file saved [] []
[2018-07-22 22:52:00] site_generator.INFO: Saving HTML files... [] []
[2018-07-22 22:52:00] site_generator.INFO: Index HTML files saved [] []
[2018-07-22 22:52:00] site_generator.INFO: Tags HTML files saved [] []
[2018-07-22 22:52:00] site_generator.INFO: Assets files saved [] []
[2018-07-22 22:52:00] site_generator.INFO: Static generator job stop [] []
[2018-07-22 22:55:00] site_generator.INFO: Static generator job start! [] []
[2018-07-22 22:55:00] site_generator.INFO: Temporary json file saved [] []
[2018-07-22 22:55:00] site_generator.INFO: Saving HTML files... [] []
[2018-07-22 22:55:01] site_generator.INFO: Index HTML files saved [] []
[2018-07-22 22:55:01] site_generator.INFO: Tags HTML files saved [] []
[2018-07-22 22:55:01] site_generator.INFO: Assets files saved [] []
[2018-07-22 22:55:01] site_generator.INFO: Static generator job stop [] []
[2018-07-22 23:05:49] site_generator.INFO: Static generator job start! [] []
[2018-07-22 23:05:49] site_generator.INFO: Temporary json file saved [] []
[2018-07-22 23:05:49] site_generator.INFO: Saving HTML files... [] []
[2018-07-22 23:05:49] site_generator.INFO: Index HTML files saved [] []
[2018-07-22 23:05:49] site_generator.INFO: Tags HTML files saved [] []
[2018-07-22 23:05:49] site_generator.INFO: Assets files saved [] []
[2018-07-22 23:05:49] site_generator.INFO: Static generator job stop [] []
[2018-07-22 23:13:39] site_generator.INFO: Static generator job start! [] []
[2018-07-22 23:13:39] site_generator.INFO: Temporary json file saved [] []
[2018-07-22 23:13:39] site_generator.INFO: Saving HTML files... [] []
[2018-07-22 23:13:39] site_generator.INFO: Index HTML files saved [] []
[2018-07-22 23:13:39] site_generator.INFO: Tags HTML files saved [] []
[2018-07-22 23:13:39] site_generator.INFO: Assets files saved [] []
[2018-07-22 23:13:39] site_generator.INFO: Static generator job stop [] []
[2018-07-22 23:18:49] site_generator.INFO: Static generator job start! [] []
[2018-07-22 23:18:49] site_generator.INFO: Temporary json file saved [] []
[2018-07-22 23:18:49] site_generator.INFO: Saving HTML files... [] []
[2018-07-22 23:19:42] site_generator.INFO: Static generator job start! [] []
[2018-07-22 23:19:42] site_generator.INFO: Temporary json file saved [] []
[2018-07-22 23:19:42] site_generator.INFO: Saving HTML files... [] []
[2018-07-22 23:21:52] site_generator.INFO: Static generator job start! [] []
[2018-07-22 23:21:52] site_generator.INFO: Temporary json file saved [] []
[2018-07-22 23:21:52] site_generator.INFO: Saving HTML files... [] []
[2018-07-22 23:23:19] site_generator.INFO: Static generator job start! [] []
[2018-07-22 23:23:19] site_generator.INFO: Temporary json file saved [] []
[2018-07-22 23:23:19] site_generator.INFO: Saving HTML files... [] []
[2018-07-22 23:23:19] site_generator.INFO: Index HTML files saved [] []
[2018-07-22 23:23:19] site_generator.INFO: Tags HTML files saved [] []
[2018-07-22 23:23:19] site_generator.INFO: Assets files saved [] []
[2018-07-22 23:23:19] site_generator.INFO: Static generator job stop [] []
[2018-07-22 23:32:20] site_generator.INFO: Static generator job start! [] []
[2018-07-22 23:32:20] site_generator.INFO: Temporary json file saved [] []
[2018-07-22 23:32:20] site_generator.INFO: Saving HTML files... [] []
[2018-07-22 23:32:20] site_generator.INFO: Index HTML files saved [] []
[2018-07-22 23:32:20] site_generator.INFO: Tags HTML files saved [] []
[2018-07-22 23:32:20] site_generator.INFO: Assets files saved [] []
[2018-07-22 23:32:20] site_generator.INFO: Static generator job stop [] []
[2018-07-22 23:40:08] site_generator.INFO: Static generator job start! [] []
[2018-07-22 23:40:08] site_generator.INFO: Temporary json file saved [] []
[2018-07-22 23:40:08] site_generator.INFO: Saving HTML files... [] []
[2018-07-22 23:40:08] site_generator.INFO: Index HTML files saved [] []
[2018-07-22 23:40:08] site_generator.INFO: Tags HTML files saved [] []
[2018-07-22 23:40:08] site_generator.INFO: Posts HTML files saved [] []
[2018-07-22 23:40:08] site_generator.INFO: Assets files saved [] []
[2018-07-22 23:40:08] site_generator.INFO: Static generator job stop [] []
[2018-07-22 23:44:54] site_generator.INFO: Static generator job start! [] []
[2018-07-22 23:44:54] site_generator.INFO: Temporary json file saved [] []
[2018-07-22 23:44:54] site_generator.INFO: Saving HTML files... [] []
[2018-07-22 23:44:54] site_generator.INFO: Index HTML files saved [] []
[2018-07-22 23:44:54] site_generator.INFO: Tags HTML files saved [] []
[2018-07-22 23:44:54] site_generator.INFO: Posts HTML files saved [] []
[2018-07-22 23:44:54] site_generator.INFO: Assets files saved [] []
[2018-07-22 23:44:54] site_generator.INFO: Static generator job stop [] []
[2018-07-22 23:48:31] site_generator.INFO: Static generator job start! [] []
[2018-07-22 23:48:31] site_generator.INFO: Temporary json file saved [] []
[2018-07-22 23:48:31] site_generator.INFO: Saving HTML files... [] []
[2018-07-22 23:48:31] site_generator.INFO: Index HTML files saved [] []
[2018-07-22 23:48:31] site_generator.INFO: Tags HTML files saved [] []
[2018-07-22 23:48:31] site_generator.INFO: Posts HTML files saved [] []
[2018-07-22 23:48:32] site_generator.INFO: Assets files saved [] []
[2018-07-22 23:48:32] site_generator.INFO: Static generator job stop [] []
